<?xml version="1.0" encoding="UTF-8"?>
<testng-results ignored="0" total="2" passed="2" failed="0" skipped="0">
  <reporter-output>
  </reporter-output>
  <suite started-at="2024-02-26T12:39:41 IST" name="Default suite" finished-at="2024-02-26T12:39:51 IST" duration-ms="10216">
    <groups>
    </groups>
    <test started-at="2024-02-26T12:39:41 IST" name="Default test" finished-at="2024-02-26T12:39:51 IST" duration-ms="10216">
      <class name="testNGsessions.Apptset">
        <test-method is-config="true" signature="connectDB()[pri:0, instance:testNGsessions.Apptset@4efbca5a]" started-at="2024-02-26T12:39:41 IST" name="connectDB" finished-at="2024-02-26T12:39:41 IST" duration-ms="20" status="PASS">
          <reporter-output>
          </reporter-output>
        </test-method> <!-- connectDB -->
        <test-method is-config="true" signature="createuser()[pri:0, instance:testNGsessions.Apptset@4efbca5a]" started-at="2024-02-26T12:39:41 IST" name="createuser" finished-at="2024-02-26T12:39:41 IST" duration-ms="1" status="PASS">
          <reporter-output>
          </reporter-output>
        </test-method> <!-- createuser -->
        <test-method is-config="true" signature="launchBrowser()[pri:0, instance:testNGsessions.Apptset@4efbca5a]" started-at="2024-02-26T12:39:41 IST" name="launchBrowser" finished-at="2024-02-26T12:39:46 IST" duration-ms="4702" status="PASS">
          <reporter-output>
          </reporter-output>
        </test-method> <!-- launchBrowser -->
        <test-method is-config="true" signature="login()[pri:0, instance:testNGsessions.Apptset@4efbca5a]" started-at="2024-02-26T12:39:46 IST" name="login" finished-at="2024-02-26T12:39:47 IST" duration-ms="1494" status="PASS">
          <reporter-output>
          </reporter-output>
        </test-method> <!-- login -->
        <test-method signature="aTest()[pri:0, instance:testNGsessions.Apptset@4efbca5a]" started-at="2024-02-26T12:39:47 IST" name="aTest" finished-at="2024-02-26T12:39:47 IST" duration-ms="42" status="PASS">
          <reporter-output>
          </reporter-output>
        </test-method> <!-- aTest -->
        <test-method is-config="true" signature="logout()[pri:0, instance:testNGsessions.Apptset@4efbca5a]" started-at="2024-02-26T12:39:47 IST" name="logout" finished-at="2024-02-26T12:39:48 IST" duration-ms="1" status="PASS">
          <reporter-output>
          </reporter-output>
        </test-method> <!-- logout -->
        <test-method is-config="true" signature="login()[pri:0, instance:testNGsessions.Apptset@4efbca5a]" started-at="2024-02-26T12:39:48 IST" name="login" finished-at="2024-02-26T12:39:50 IST" duration-ms="2894" status="PASS">
          <reporter-output>
          </reporter-output>
        </test-method> <!-- login -->
        <test-method signature="aTest1()[pri:0, instance:testNGsessions.Apptset@4efbca5a]" started-at="2024-02-26T12:39:50 IST" name="aTest1" finished-at="2024-02-26T12:39:50 IST" duration-ms="43" status="PASS">
          <reporter-output>
          </reporter-output>
        </test-method> <!-- aTest1 -->
        <test-method is-config="true" signature="logout()[pri:0, instance:testNGsessions.Apptset@4efbca5a]" started-at="2024-02-26T12:39:50 IST" name="logout" finished-at="2024-02-26T12:39:50 IST" duration-ms="0" status="PASS">
          <reporter-output>
          </reporter-output>
        </test-method> <!-- logout -->
        <test-method is-config="true" signature="closeBrowser()[pri:0, instance:testNGsessions.Apptset@4efbca5a]" started-at="2024-02-26T12:39:50 IST" name="closeBrowser" finished-at="2024-02-26T12:39:51 IST" duration-ms="974" status="PASS">
          <reporter-output>
          </reporter-output>
        </test-method> <!-- closeBrowser -->
        <test-method is-config="true" signature="deleteuser()[pri:0, instance:testNGsessions.Apptset@4efbca5a]" started-at="2024-02-26T12:39:51 IST" name="deleteuser" finished-at="2024-02-26T12:39:51 IST" duration-ms="1" status="PASS">
          <reporter-output>
          </reporter-output>
        </test-method> <!-- deleteuser -->
        <test-method is-config="true" signature="disconnectDB()[pri:0, instance:testNGsessions.Apptset@4efbca5a]" started-at="2024-02-26T12:39:52 IST" name="disconnectDB" finished-at="2024-02-26T12:39:52 IST" duration-ms="0" status="PASS">
          <reporter-output>
          </reporter-output>
        </test-method> <!-- disconnectDB -->
      </class> <!-- testNGsessions.Apptset -->
    </test> <!-- Default test -->
  </suite> <!-- Default suite -->
</testng-results>
